# JRE version: Java(TM) SE Runtime Environment (22.0+36) (build 22+36-2370)
# Java VM: Java HotSpot(TM) 64-Bit Server VM (22+36-2370, mixed mode, sharing, tiered, compressed oops, compressed class ptrs, g1 gc, windows-amd64)
GC Precious Log:
 CardTable entry size: 512
 Card Set container configuration: InlinePtr #cards 5 size 8 Array Of Cards #cards 12 size 40 Howl #buckets 4 coarsen threshold 1843 Howl Bitmap #cards 512 size 80 coarsen threshold 460 Card regions per heap region 1 cards per card region 2048
 CPUs: 4 total, 4 available
 Memory: 3550M
 Large Page Support: Disabled
 NUMA Support: Disabled
 Compressed Oops: Enabled (32-bit)
 Heap Region Size: 1M
 Heap Min Capacity: 8M
 Heap Initial Capacity: 56M
 Heap Max Capacity: 888M
 Pre-touch: Disabled
 Parallel Workers: 4
 Concurrent Workers: 1
 Concurrent Refinement Workers: 4
 Periodic GC: Disabled
Heap:
 garbage-first heap   total reserved 909312K, committed 50176K, used 40707K [0x00000000c8800000, 0x0000000100000000)
  region size 1024K, 18 young (18432K), 2 survivors (2048K)
 Metaspace       used 70675K, committed 71296K, reserved 1114112K
  class space    used 9101K, committed 9472K, reserved 1048576K
GC Heap History (20 events):
Event: 3499.948 GC heap before
{Heap before GC invocations=27 (full 0):
 garbage-first heap   total reserved 909312K, committed 50176K, used 45013K [0x00000000c8800000, 0x0000000100000000)
  region size 1024K, 19 young (19456K), 1 survivors (1024K)
 Metaspace       used 70447K, committed 71104K, reserved 1114112K
  class space    used 9097K, committed 9472K, reserved 1048576K
}
Event: 3499.952 GC heap after
{Heap after GC invocations=28 (full 0):
 garbage-first heap   total reserved 909312K, committed 50176K, used 26610K [0x00000000c8800000, 0x0000000100000000)
  region size 1024K, 1 young (1024K), 1 survivors (1024K)
 Metaspace       used 70447K, committed 71104K, reserved 1114112K
  class space    used 9097K, committed 9472K, reserved 1048576K
}
Event: 3502.894 GC heap before
{Heap before GC invocations=28 (full 0):
 garbage-first heap   total reserved 909312K, committed 50176K, used 45042K [0x00000000c8800000, 0x0000000100000000)
  region size 1024K, 19 young (19456K), 1 survivors (1024K)
 Metaspace       used 70485K, committed 71104K, reserved 1114112K
  class space    used 9097K, committed 9472K, reserved 1048576K
}
Event: 3502.908 GC heap after
{Heap after GC invocations=29 (full 0):
 garbage-first heap   total reserved 909312K, committed 50176K, used 25742K [0x00000000c8800000, 0x0000000100000000)
  region size 1024K, 1 young (1024K), 1 survivors (1024K)
 Metaspace       used 70485K, committed 71104K, reserved 1114112K
  class space    used 9097K, committed 9472K, reserved 1048576K
}
Event: 3505.784 GC heap before
{Heap before GC invocations=29 (full 0):
 garbage-first heap   total reserved 909312K, committed 50176K, used 44174K [0x00000000c8800000, 0x0000000100000000)
  region size 1024K, 20 young (20480K), 1 survivors (1024K)
 Metaspace       used 70539K, committed 71168K, reserved 1114112K
  class space    used 9098K, committed 9472K, reserved 1048576K
}
Event: 3505.789 GC heap after
{Heap after GC invocations=30 (full 0):
 garbage-first heap   total reserved 909312K, committed 50176K, used 25959K [0x00000000c8800000, 0x0000000100000000)
  region size 1024K, 1 young (1024K), 1 survivors (1024K)
 Metaspace       used 70539K, committed 71168K, reserved 1114112K
  class space    used 9098K, committed 9472K, reserved 1048576K
}
Event: 3508.638 GC heap before
{Heap before GC invocations=31 (full 0):
 garbage-first heap   total reserved 909312K, committed 50176K, used 45415K [0x00000000c8800000, 0x0000000100000000)
  region size 1024K, 20 young (20480K), 1 survivors (1024K)
 Metaspace       used 70571K, committed 71232K, reserved 1114112K
  class space    used 9098K, committed 9472K, reserved 1048576K
}
Event: 3508.642 GC heap after
{Heap after GC invocations=32 (full 0):
 garbage-first heap   total reserved 909312K, committed 50176K, used 25943K [0x00000000c8800000, 0x0000000100000000)
  region size 1024K, 1 young (1024K), 1 survivors (1024K)
 Metaspace       used 70571K, committed 71232K, reserved 1114112K
  class space    used 9098K, committed 9472K, reserved 1048576K
}
Event: 3511.213 GC heap before
{Heap before GC invocations=32 (full 0):
 garbage-first heap   total reserved 909312K, committed 50176K, used 45399K [0x00000000c8800000, 0x0000000100000000)
  region size 1024K, 20 young (20480K), 1 survivors (1024K)
 Metaspace       used 70630K, committed 71296K, reserved 1114112K
  class space    used 9098K, committed 9472K, reserved 1048576K
}
Event: 3511.227 GC heap after
{Heap after GC invocations=33 (full 0):
 garbage-first heap   total reserved 909312K, committed 50176K, used 25643K [0x00000000c8800000, 0x0000000100000000)
  region size 1024K, 2 young (2048K), 2 survivors (2048K)
 Metaspace       used 70630K, committed 71296K, reserved 1114112K
  class space    used 9098K, committed 9472K, reserved 1048576K
}
Event: 3513.416 GC heap before
{Heap before GC invocations=33 (full 0):
 garbage-first heap   total reserved 909312K, committed 50176K, used 44075K [0x00000000c8800000, 0x0000000100000000)
  region size 1024K, 20 young (20480K), 2 survivors (2048K)
 Metaspace       used 70661K, committed 71296K, reserved 1114112K
  class space    used 9099K, committed 9472K, reserved 1048576K
}
Event: 3513.420 GC heap after
{Heap after GC invocations=34 (full 0):
 garbage-first heap   total reserved 909312K, committed 50176K, used 25643K [0x00000000c8800000, 0x0000000100000000)
  region size 1024K, 2 young (2048K), 2 survivors (2048K)
 Metaspace       used 70661K, committed 71296K, reserved 1114112K
  class space    used 9099K, committed 9472K, reserved 1048576K
}
Event: 3515.741 GC heap before
{Heap before GC invocations=35 (full 0):
 garbage-first heap   total reserved 909312K, committed 50176K, used 44075K [0x00000000c8800000, 0x0000000100000000)
  region size 1024K, 20 young (20480K), 2 survivors (2048K)
 Metaspace       used 70661K, committed 71296K, reserved 1114112K
  class space    used 9099K, committed 9472K, reserved 1048576K
}
Event: 3515.745 GC heap after
{Heap after GC invocations=36 (full 0):
 garbage-first heap   total reserved 909312K, committed 50176K, used 25521K [0x00000000c8800000, 0x0000000100000000)
  region size 1024K, 1 young (1024K), 1 survivors (1024K)
 Metaspace       used 70661K, committed 71296K, reserved 1114112K
  class space    used 9099K, committed 9472K, reserved 1048576K
}
Event: 3518.309 GC heap before
{Heap before GC invocations=36 (full 0):
 garbage-first heap   total reserved 909312K, committed 50176K, used 46001K [0x00000000c8800000, 0x0000000100000000)
  region size 1024K, 21 young (21504K), 1 survivors (1024K)
 Metaspace       used 70669K, committed 71296K, reserved 1114112K
  class space    used 9100K, committed 9472K, reserved 1048576K
}
Event: 3518.318 GC heap after
{Heap after GC invocations=37 (full 0):
 garbage-first heap   total reserved 909312K, committed 50176K, used 25266K [0x00000000c8800000, 0x0000000100000000)
  region size 1024K, 2 young (2048K), 2 survivors (2048K)
 Metaspace       used 70669K, committed 71296K, reserved 1114112K
  class space    used 9100K, committed 9472K, reserved 1048576K
}
Event: 3520.443 GC heap before
{Heap before GC invocations=37 (full 0):
 garbage-first heap   total reserved 909312K, committed 50176K, used 43698K [0x00000000c8800000, 0x0000000100000000)
  region size 1024K, 20 young (20480K), 2 survivors (2048K)
 Metaspace       used 70671K, committed 71296K, reserved 1114112K
  class space    used 9100K, committed 9472K, reserved 1048576K
}
Event: 3520.448 GC heap after
{Heap after GC invocations=38 (full 0):
 garbage-first heap   total reserved 909312K, committed 50176K, used 25309K [0x00000000c8800000, 0x0000000100000000)
  region size 1024K, 2 young (2048K), 2 survivors (2048K)
 Metaspace       used 70671K, committed 71296K, reserved 1114112K
  class space    used 9100K, committed 9472K, reserved 1048576K
}
Event: 3522.627 GC heap before
{Heap before GC invocations=39 (full 0):
 garbage-first heap   total reserved 909312K, committed 50176K, used 43741K [0x00000000c8800000, 0x0000000100000000)
  region size 1024K, 20 young (20480K), 2 survivors (2048K)
 Metaspace       used 70675K, committed 71296K, reserved 1114112K
  class space    used 9101K, committed 9472K, reserved 1048576K
}
Event: 3522.634 GC heap after
{Heap after GC invocations=40 (full 0):
 garbage-first heap   total reserved 909312K, committed 50176K, used 25347K [0x00000000c8800000, 0x0000000100000000)
  region size 1024K, 2 young (2048K), 2 survivors (2048K)
 Metaspace       used 70675K, committed 71296K, reserved 1114112K
  class space    used 9101K, committed 9472K, reserved 1048576K
}

